<?xml version="1.0" encoding="UTF-8"?>
<!-- Generated by org.testng.reporters.JUnitReportReporter -->
<testsuite hostname="SUMIT" failures="0" tests="1" name="cucumberOptions.testRunnerTestNG" time="6.125" errors="0" timestamp="2024-02-04T18:45:15 IST" skipped="0">
  <testcase classname="cucumberOptions.testRunnerTestNG" name="runScenario" time="6.125"/>
</testsuite> <!-- cucumberOptions.testRunnerTestNG -->
